生成启动时间为 2016/1/5 15:06:29。
     1>项目“D:\Documents\visual studio 2013\Projects\Visual Studio 2013\jmyVideoComposition\jmyVideoComposition\jmyVideoComposition.vcxproj”在节点 2 上(Build 个目标)。
     1>ClCompile:
         C:\Program Files (x86)\Microsoft Visual Studio 12.0\VC\bin\CL.exe /c /ZI /nologo /W3 /WX- /sdl /Od /Oy- /D WIN32 /D _DEBUG /D _CONSOLE /D _LIB /D _MBCS /Gm /EHsc /RTC1 /MTd /GS /fp:precise /Zc:wchar_t /Zc:forScope /Fo"Debug\\" /Fd"Debug\vc120.pdb" /Gd /TP /analyze- /errorReport:prompt MVCCore.cpp
         MVCCore.cpp
     1>d:\documents\visual studio 2013\projects\visual studio 2013\jmyvideocomposition\jmyvideocomposition\mvccore.cpp(90): warning C4018: “<”: 有符号/无符号不匹配
     1>d:\documents\visual studio 2013\projects\visual studio 2013\jmyvideocomposition\jmyvideocomposition\mvccore.cpp(121): warning C4018: “<=”: 有符号/无符号不匹配
     1>d:\documents\visual studio 2013\projects\visual studio 2013\jmyvideocomposition\jmyvideocomposition\mvccore.cpp(127): warning C4244: “=”: 从“double”转换到“float”，可能丢失数据
     1>d:\documents\visual studio 2013\projects\visual studio 2013\jmyvideocomposition\jmyvideocomposition\mvccore.cpp(128): warning C4244: “=”: 从“double”转换到“float”，可能丢失数据
     1>d:\documents\visual studio 2013\projects\visual studio 2013\jmyvideocomposition\jmyvideocomposition\mvccore.cpp(129): warning C4244: “=”: 从“double”转换到“float”，可能丢失数据
     1>d:\documents\visual studio 2013\projects\visual studio 2013\jmyvideocomposition\jmyvideocomposition\mvccore.cpp(180): warning C4244: “=”: 从“double”转换到“float”，可能丢失数据
     1>d:\documents\visual studio 2013\projects\visual studio 2013\jmyvideocomposition\jmyvideocomposition\mvccore.cpp(265): warning C4244: “=”: 从“double”转换到“float”，可能丢失数据
     1>d:\documents\visual studio 2013\projects\visual studio 2013\jmyvideocomposition\jmyvideocomposition\mvccore.cpp(285): warning C4244: “=”: 从“double”转换到“float”，可能丢失数据
       Link:
         C:\Program Files (x86)\Microsoft Visual Studio 12.0\VC\bin\link.exe /ERRORREPORT:PROMPT /OUT:"D:\Documents\visual studio 2013\Projects\Visual Studio 2013\jmyVideoComposition\Debug\jmyVideoComposition.exe" /INCREMENTAL /NOLOGO opencv_ml249d.lib opencv_calib3d249d.lib opencv_contrib249d.lib opencv_core249d.lib opencv_features2d249d.lib opencv_flann249d.lib opencv_gpu249d.lib opencv_highgui249d.lib opencv_imgproc249d.lib opencv_legacy249d.lib opencv_objdetect249d.lib opencv_ts249d.lib opencv_video249d.lib opencv_nonfree249d.lib opencv_ocl249d.lib opencv_photo249d.lib opencv_stitching249d.lib opencv_superres249d.lib opencv_videostab249d.lib libamd.lib libatlas.lib libf77blas.lib libg2c.lib libgcc.lib libumfpack.lib kernel32.lib user32.lib gdi32.lib winspool.lib comdlg32.lib advapi32.lib shell32.lib ole32.lib oleaut32.lib uuid.lib odbc32.lib odbccp32.lib /MANIFEST /MANIFESTUAC:"level='asInvoker' uiAccess='false'" /manifest:embed /DEBUG /PDB:"D:\Documents\visual studio 2013\Projects\Visual Studio 2013\jmyVideoComposition\Debug\jmyVideoComposition.pdb" /SUBSYSTEM:CONSOLE /TLBID:1 /DYNAMICBASE /NXCOMPAT /IMPLIB:"D:\Documents\visual studio 2013\Projects\Visual Studio 2013\jmyVideoComposition\Debug\jmyVideoComposition.lib" /MACHINE:X86 Debug\initModify.obj
         Debug\main.obj
         Debug\MVCCore.obj
         Debug\poisson_blending.obj
         Debug\tool.obj
     1>libg2c.lib(wrtfmt.o) : warning LNK4049: 已导入本地定义的符号 __iob
     1>libg2c.lib(s_stop.o) : warning LNK4217: 本地定义的符号 __iob 在函数 _s_stop 中导入
     1>libg2c.lib(fmt.o) : warning LNK4049: 已导入本地定义的符号 __iob
     1>libg2c.lib(err.o) : warning LNK4217: 本地定义的符号 __iob 在函数 _f__fatal 中导入
     1>libg2c.lib(sig_die.o) : warning LNK4217: 本地定义的符号 __iob 在函数 _sig_die 中导入
     1>libg2c.lib(wref.o) : warning LNK4217: 本地定义的符号 ___mb_cur_max 在函数 _wrt_E 中导入
     1>libg2c.lib(wref.o) : warning LNK4217: 本地定义的符号 __pctype 在函数 _wrt_E 中导入
         jmyVideoComposition.vcxproj -> D:\Documents\visual studio 2013\Projects\Visual Studio 2013\jmyVideoComposition\Debug\jmyVideoComposition.exe
     1>已完成生成项目“D:\Documents\visual studio 2013\Projects\Visual Studio 2013\jmyVideoComposition\jmyVideoComposition\jmyVideoComposition.vcxproj”(Build 个目标)的操作。

生成成功。

已用时间 00:00:04.86
